<?xml version="1.0" encoding="UTF-8"?>
<!-- Generated by org.testng.reporters.JUnitReportReporter -->
<testsuite hostname="LAPTOP-EM6M5GBO" name="org.first.Task3" tests="7" failures="0" timestamp="10 Aug 2021 12:11:47 GMT" time="75.882" errors="0">
  <testcase name="testCase2" time="3.563" classname="org.first.Task3"/>
  <testcase name="testCase3" time="12.313" classname="org.first.Task3"/>
  <testcase name="testCase3" time="12.521" classname="org.first.Task3"/>
  <testcase name="testCase3" time="2.927" classname="org.first.Task3"/>
  <testcase name="testCase4" time="12.224" classname="org.first.Task3"/>
  <testcase name="testCase3" time="13.265" classname="org.first.Task3"/>
  <testcase name="testCase3" time="19.069" classname="org.first.Task3"/>
</testsuite> <!-- org.first.Task3 -->
