<?xml version="1.0" encoding="UTF-8"?>
<!-- Generated by org.testng.reporters.JUnitReportReporter -->
<testsuite hostname="LAPTOP-EM6M5GBO" name="org.testng.Parallel" tests="4" failures="0" timestamp="19 Aug 2021 10:56:50 GMT" time="21.455" errors="0">
  <testcase name="testCase1" time="6.135" classname="org.testng.Parallel"/>
  <testcase name="testCase4" time="5.039" classname="org.testng.Parallel"/>
  <testcase name="testCase2" time="5.057" classname="org.testng.Parallel"/>
  <testcase name="testCase3" time="5.224" classname="org.testng.Parallel"/>
</testsuite> <!-- org.testng.Parallel -->
