<?xml version="1.0" encoding="UTF-8"?>
<!-- Generated by org.testng.reporters.JUnitReportReporter -->
<testsuite hostname="LAPTOP-EM6M5GBO" name="org.ju.TT" tests="1" failures="0" timestamp="16 Aug 2021 06:05:13 GMT" time="1.565" errors="0">
  <testcase name="testCase3" time="1.565" classname="org.ju.TT"/>
</testsuite> <!-- org.ju.TT -->
