<?xml version="1.0" encoding="UTF-8"?>
<!-- Generated by org.testng.reporters.JUnitReportReporter -->
<testsuite hostname="LAPTOP-EM6M5GBO" name="org.testng.Task4" tests="2" failures="0" timestamp="19 Aug 2021 09:31:13 GMT" time="7.026" errors="0">
  <testcase name="flipkart" time="3.737" classname="org.testng.Task4"/>
  <testcase name="flipkart" time="3.289" classname="org.testng.Task4"/>
</testsuite> <!-- org.testng.Task4 -->
