<?xml version="1.0" encoding="UTF-8"?>
<!-- Generated by org.testng.reporters.JUnitReportReporter -->
<testsuite hostname="LAPTOP-EM6M5GBO" name="org.test.SampleTest" tests="1" failures="0" timestamp="16 Aug 2021 12:40:27 GMT" time="0.007" errors="0">
  <testcase name="tc3" time="0.007" classname="org.test.SampleTest"/>
</testsuite> <!-- org.test.SampleTest -->
