<?xml version="1.0" encoding="UTF-8"?>
<!-- Generated by org.testng.reporters.JUnitReportReporter -->
<testsuite hostname="LAPTOP-EM6M5GBO" name="org.testng.Check" tests="4" failures="0" timestamp="20 Aug 2021 06:14:07 GMT" time="0.000" errors="0">
  <testcase name="tc1" time="0.000" classname="org.testng.Check"/>
  <testcase name="tc1" time="0.000" classname="org.testng.Check"/>
  <testcase name="tc1" time="0.000" classname="org.testng.Check"/>
  <testcase name="tc1" time="0.000" classname="org.testng.Check"/>
</testsuite> <!-- org.testng.Check -->
