<?xml version="1.0" encoding="UTF-8"?>
<!-- Generated by org.testng.reporters.JUnitReportReporter -->
<testsuite hostname="LAPTOP-EM6M5GBO" name="org.ju.Dataprov" tests="2" failures="0" timestamp="16 Aug 2021 06:17:27 GMT" time="34.260" errors="0">
  <testcase name="testCase3" time="30.704" classname="org.ju.Dataprov"/>
  <testcase name="testCase3" time="3.556" classname="org.ju.Dataprov"/>
</testsuite> <!-- org.ju.Dataprov -->
