<?xml version="1.0" encoding="UTF-8"?>
<!-- Generated by org.testng.reporters.JUnitReportReporter -->
<testsuite hostname="LAPTOP-EM6M5GBO" name="org.test.Group" tests="3" failures="0" timestamp="17 Aug 2021 14:45:20 GMT" time="38.485" errors="0">
  <testcase name="testCase2" time="31.826" classname="org.test.Group"/>
  <testcase name="testCase1" time="3.565" classname="org.test.Group"/>
  <testcase name="testCase4" time="3.094" classname="org.test.Group"/>
</testsuite> <!-- org.test.Group -->
